<?xml version="1.0" encoding="UTF-8"?>
<!-- Generated by org.testng.reporters.JUnitXMLReporter -->
<testsuite hostname="viao-PC" ignored="0" name="Default test" tests="3" failures="0" timestamp="18 Sep 2018 22:17:28 GMT" time="10.418" errors="0">
  <testcase name="statusCodeTest" time="0.032" classname="com.qa.ahq.nswstopfinder.tests.NswStopFinderGetAPITest"/>
  <testcase name="stopNameTest" time="1.633" classname="com.qa.ahq.nswstopfinder.tests.NswStopFinderGetAPITest"/>
  <testcase name="multipleModesTest" time="0.045" classname="com.qa.ahq.nswstopfinder.tests.NswStopFinderGetAPITest"/>
</testsuite> <!-- Default test -->
