<?xml version="1.0" encoding="UTF-8"?>
<!-- Generated by org.testng.reporters.JUnitXMLReporter -->
<testsuite hostname="viao-PC" ignored="0" name="Functional Test" tests="3" failures="0" timestamp="18 Sep 2018 22:46:10 GMT" time="15.669" errors="0">
  <testcase name="statusCodeTest" time="0.004" classname="com.qa.ahq.nswstopfinder.tests.NswStopFinderGetAPITest"/>
  <testcase name="stopNameTest" time="1.764" classname="com.qa.ahq.nswstopfinder.tests.NswStopFinderGetAPITest"/>
  <testcase name="multipleModesTest" time="0.053" classname="com.qa.ahq.nswstopfinder.tests.NswStopFinderGetAPITest"/>
</testsuite> <!-- Functional Test -->
