<?xml version="1.0" encoding="UTF-8"?>
<testng-results skipped="0" failed="0" ignored="0" total="3" passed="3">
  <reporter-output>
  </reporter-output>
  <suite name="NSW Stop Finder Automation Suite" duration-ms="15669" started-at="2018-09-18T22:45:54Z" finished-at="2018-09-18T22:46:09Z">
    <groups>
    </groups>
    <test name="Functional Test" duration-ms="15669" started-at="2018-09-18T22:45:54Z" finished-at="2018-09-18T22:46:09Z">
      <class name="com.qa.ahq.nswstopfinder.tests.NswStopFinderGetAPITest">
        <test-method status="PASS" signature="setUp()[pri:0, instance:com.qa.ahq.nswstopfinder.tests.NswStopFinderGetAPITest@6ea12c19]" name="setUp" is-config="true" duration-ms="12466" started-at="2018-09-18T22:45:54Z" finished-at="2018-09-18T22:46:06Z">
          <reporter-output>
          </reporter-output>
        </test-method> <!-- setUp -->
        <test-method status="PASS" signature="statusCodeTest()[pri:1, instance:com.qa.ahq.nswstopfinder.tests.NswStopFinderGetAPITest@6ea12c19]" name="statusCodeTest" duration-ms="4" started-at="2018-09-18T22:46:06Z" finished-at="2018-09-18T22:46:06Z">
          <reporter-output>
          </reporter-output>
        </test-method> <!-- statusCodeTest -->
        <test-method status="PASS" signature="setUp()[pri:0, instance:com.qa.ahq.nswstopfinder.tests.NswStopFinderGetAPITest@6ea12c19]" name="setUp" is-config="true" duration-ms="736" started-at="2018-09-18T22:46:06Z" finished-at="2018-09-18T22:46:07Z">
          <reporter-output>
          </reporter-output>
        </test-method> <!-- setUp -->
        <test-method status="PASS" signature="stopNameTest()[pri:2, instance:com.qa.ahq.nswstopfinder.tests.NswStopFinderGetAPITest@6ea12c19]" name="stopNameTest" duration-ms="1764" started-at="2018-09-18T22:46:07Z" finished-at="2018-09-18T22:46:09Z">
          <reporter-output>
          </reporter-output>
        </test-method> <!-- stopNameTest -->
        <test-method status="PASS" signature="setUp()[pri:0, instance:com.qa.ahq.nswstopfinder.tests.NswStopFinderGetAPITest@6ea12c19]" name="setUp" is-config="true" duration-ms="527" started-at="2018-09-18T22:46:09Z" finished-at="2018-09-18T22:46:09Z">
          <reporter-output>
          </reporter-output>
        </test-method> <!-- setUp -->
        <test-method status="PASS" signature="multipleModesTest()[pri:3, instance:com.qa.ahq.nswstopfinder.tests.NswStopFinderGetAPITest@6ea12c19]" name="multipleModesTest" duration-ms="53" started-at="2018-09-18T22:46:09Z" finished-at="2018-09-18T22:46:09Z">
          <reporter-output>
          </reporter-output>
        </test-method> <!-- multipleModesTest -->
        <test-method status="PASS" signature="afterTest()[pri:0, instance:com.qa.ahq.nswstopfinder.tests.NswStopFinderGetAPITest@6ea12c19]" name="afterTest" is-config="true" duration-ms="1" started-at="2018-09-18T22:46:09Z" finished-at="2018-09-18T22:46:09Z">
          <reporter-output>
          </reporter-output>
        </test-method> <!-- afterTest -->
      </class> <!-- com.qa.ahq.nswstopfinder.tests.NswStopFinderGetAPITest -->
    </test> <!-- Functional Test -->
  </suite> <!-- NSW Stop Finder Automation Suite -->
</testng-results>
