<?xml version="1.0" encoding="UTF-8"?>
<testsuite xmlns:xsi="http://www.w3.org/2001/XMLSchema-instance" xsi:noNamespaceSchemaLocation="https://maven.apache.org/surefire/maven-surefire-plugin/xsd/surefire-test-report.xsd" name="TestSuite" time="19.981" tests="3" errors="0" skipped="0" failures="0">
  <properties>
[...]
</properties>
  <testcase name="statusCodeTest" classname="com.qa.ahq.nswstopfinder.tests.NswStopFinderGetAPITest" time="0.123"/>
  <testcase name="stopNameTest" classname="com.qa.ahq.nswstopfinder.tests.NswStopFinderGetAPITest" time="1.78"/>
  <testcase name="multipleModesTest" classname="com.qa.ahq.nswstopfinder.tests.NswStopFinderGetAPITest" time="0.085"/>
</testsuite>