<?xml version="1.0" encoding="UTF-8"?>
<!-- Generated by org.testng.reporters.JUnitXMLReporter -->
<testsuite hostname="viao-PC" ignored="0" name="Functional Test" tests="3" failures="0" timestamp="18 Sep 2018 22:46:44 GMT" time="9.116" errors="0">
  <testcase name="statusCodeTest" time="0.033" classname="com.qa.ahq.nswstopfinder.tests.NswStopFinderGetAPITest"/>
  <testcase name="stopNameTest" time="1.394" classname="com.qa.ahq.nswstopfinder.tests.NswStopFinderGetAPITest"/>
  <testcase name="multipleModesTest" time="0.048" classname="com.qa.ahq.nswstopfinder.tests.NswStopFinderGetAPITest"/>
</testsuite> <!-- Functional Test -->
